<?xml version="1.0" encoding="UTF-8"?>
<!-- Generated by org.testng.reporters.JUnitReportReporter -->
<testsuite hostname="STS-1982" failures="0" tests="2" name="MY.Tmoney.TestingGitHub" time="0.032" errors="0" timestamp="2023-05-26T18:11:03 IST" skipped="0">
  <testcase classname="MY.Tmoney.TestingGitHub" name="testBranch" time="0.029"/>
  <system-out/>
  <testcase classname="MY.Tmoney.TestingGitHub" name="testMerge" time="0.003"/>
  <system-out/>
</testsuite> <!-- MY.Tmoney.TestingGitHub -->
