<?xml version="1.0" encoding="UTF-8"?>
<!-- Generated by org.testng.reporters.JUnitReportReporter -->
<testsuite hostname="STS-1982" failures="0" tests="1" name="MY.Tmoney.TestingGitHub" time="0.020" errors="0" timestamp="2023-05-26T14:07:49 IST" skipped="0">
  <testcase classname="MY.Tmoney.TestingGitHub" name="testBranch" time="0.020"/>
  <system-out/>
</testsuite> <!-- MY.Tmoney.TestingGitHub -->
